[16:23:00] [main/INFO] (FabricLoader/GameProvider) Loading Minecraft 1.20.2 with Fabric Loader 0.15.3
[16:23:00] [main/INFO] (FabricLoader) Loading 69 mods:
	- additionalentityattributes 1.5.0+1.20.2
	- apoli 2.11.0
	- calio 1.13.0
	- cardinal-components-base 5.3.0
	- cardinal-components-entity 5.3.0
	- cloth-basic-math 0.6.1
	- cloth-config 12.0.109
	- fabric-api 0.91.2+1.20.2
	- fabric-api-base 0.4.33+fce67b32a0
	- fabric-api-lookup-api-v1 1.6.42+b1792f7da0
	- fabric-biome-api-v1 13.0.14+b1792f7da0
	- fabric-block-api-v1 1.0.12+73761d2ea0
	- fabric-block-view-api-v2 1.0.1+73761d2ea0
	- fabric-blockrenderlayer-v1 1.1.43+f4b7e424a0
	- fabric-client-tags-api-v1 1.1.4+86b12645a0
	- fabric-command-api-v1 1.2.37+f71b366fa0
	- fabric-command-api-v2 2.2.16+b1792f7da0
	- fabric-commands-v0 0.2.54+df3654b3a0
	- fabric-containers-v0 0.1.78+df3654b3a0
	- fabric-content-registries-v0 5.0.5+b1792f7da0
	- fabric-convention-tags-v1 1.5.8+b1792f7da0
	- fabric-crash-report-info-v1 0.2.20+f4b7e424a0
	- fabric-data-generation-api-v1 13.1.8+b1792f7da0
	- fabric-dimensions-v1 2.1.57+b1792f7da0
	- fabric-entity-events-v1 1.5.26+b1792f7da0
	- fabric-events-interaction-v0 0.6.10+b1792f7da0
	- fabric-events-lifecycle-v0 0.2.69+df3654b3a0
	- fabric-game-rule-api-v1 1.0.42+a44e16a6a0
	- fabric-gametest-api-v1 1.2.16+b1792f7da0
	- fabric-item-api-v1 2.1.33+b1792f7da0
	- fabric-item-group-api-v1 4.0.15+e3d2bf3fa0
	- fabric-key-binding-api-v1 1.0.38+f4b7e424a0
	- fabric-keybindings-v0 0.2.36+df3654b3a0
	- fabric-lifecycle-events-v1 2.2.27+b1792f7da0
	- fabric-loot-api-v2 2.1.1+3ba460fba0
	- fabric-message-api-v1 6.0.2+e3d2bf3fa0
	- fabric-mining-level-api-v1 2.1.55+f4b7e424a0
	- fabric-model-loading-api-v1 1.0.6+b1792f7da0
	- fabric-models-v0 0.4.5+9386d8a7a0
	- fabric-networking-api-v1 3.1.2+95a8ac51a0
	- fabric-object-builder-api-v1 12.1.2+2ff98d3ba0
	- fabric-particles-v1 1.1.4+f4b7e424a0
	- fabric-recipe-api-v1 2.0.11+52b3ebe5a0
	- fabric-registry-sync-v0 4.0.9+b1792f7da0
	- fabric-renderer-api-v1 3.2.1+2034447ca0
	- fabric-renderer-indigo 1.5.1+2034447ca0
	- fabric-renderer-registries-v1 3.2.49+df3654b3a0
	- fabric-rendering-data-attachment-v1 0.3.39+73761d2ea0
	- fabric-rendering-fluids-v1 3.0.30+f4b7e424a0
	- fabric-rendering-v0 1.1.52+df3654b3a0
	- fabric-rendering-v1 3.0.11+b1792f7da0
	- fabric-resource-conditions-api-v1 2.3.11+239dafd8a0
	- fabric-resource-loader-v0 0.11.12+b1792f7da0
	- fabric-screen-api-v1 2.0.12+b1792f7da0
	- fabric-screen-handler-api-v1 1.3.44+b1792f7da0
	- fabric-sound-api-v1 1.0.14+f4b7e424a0
	- fabric-transfer-api-v1 3.3.12+4944b5a5a0
	- fabric-transitive-access-wideners-v1 5.0.3+fce67b32a0
	- fabricloader 0.15.3
	- java 17
	- kanos_config 0.4.1+1.14.4-1.19.4
	- mechorigins 1.20-5
	- minecraft 1.20.2
	- mixinextras 0.3.2
	- modmenu 8.0.0
	- origins 1.12.0
	- pehkui 3.7.11+1.14.4-1.20.2
	- playerabilitylib 1.9.0
	- reach-entity-attributes 2.4.0
[16:23:01] [main/INFO] (FabricLoader/Mixin) SpongePowered MIXIN Subsystem Version=0.8.5 Source=file:/C:/Users/levip/.gradle/caches/modules-2/files-2.1/net.fabricmc/sponge-mixin/0.12.5+mixin.0.8.5/8d31fb97c3e0cd7c8dad3441851c523bcfae6d8e/sponge-mixin-0.12.5+mixin.0.8.5.jar Service=Knot/Fabric Env=CLIENT
[16:23:01] [main/INFO] (FabricLoader/Mixin) Loaded Fabric development mappings for mixin remapper!
[16:23:01] [main/INFO] (FabricLoader/Mixin) Compatibility level set to JAVA_17
[16:23:02] [main/INFO] (FabricLoader/MixinExtras|Service) Initializing MixinExtras via com.llamalad7.mixinextras.service.MixinExtrasServiceImpl(version=0.3.2).
[16:23:06] [Datafixer Bootstrap/INFO] (Minecraft) 192 Datafixer optimizations took 88 milliseconds
[16:23:08] [Render thread/INFO] (Minecraft) Environment: Environment[accountsHost=https://api.mojang.com, sessionHost=https://sessionserver.mojang.com, servicesHost=https://api.minecraftservices.com, name=PROD]
[16:23:09] [Render thread/ERROR] (Minecraft) Failed to verify authentication
com.mojang.authlib.exceptions.InvalidCredentialsException: Status: 401
	at com.mojang.authlib.exceptions.MinecraftClientHttpException.toAuthenticationException(MinecraftClientHttpException.java:59) ~[authlib-5.0.47.jar:?]
	at com.mojang.authlib.yggdrasil.YggdrasilUserApiService.fetchProperties(YggdrasilUserApiService.java:159) ~[authlib-5.0.47.jar:?]
	at com.mojang.authlib.yggdrasil.YggdrasilUserApiService.<init>(YggdrasilUserApiService.java:53) ~[authlib-5.0.47.jar:?]
	at com.mojang.authlib.yggdrasil.YggdrasilAuthenticationService.createUserApiService(YggdrasilAuthenticationService.java:55) ~[authlib-5.0.47.jar:?]
	at net.minecraft.client.MinecraftClient.createUserApiService(MinecraftClient.java:758) ~[minecraft-merged-5bb6f0e8d0-1.20.2-net.fabricmc.yarn.1_20_2.1.20.2+build.4-v2.jar:?]
	at net.minecraft.client.MinecraftClient.<init>(MinecraftClient.java:515) ~[minecraft-merged-5bb6f0e8d0-1.20.2-net.fabricmc.yarn.1_20_2.1.20.2+build.4-v2.jar:?]
	at net.minecraft.client.main.Main.main(Main.java:194) ~[minecraft-merged-5bb6f0e8d0-1.20.2-net.fabricmc.yarn.1_20_2.1.20.2+build.4-v2.jar:?]
	at net.fabricmc.loader.impl.game.minecraft.MinecraftGameProvider.launch(MinecraftGameProvider.java:470) ~[fabric-loader-0.15.3.jar:?]
	at net.fabricmc.loader.impl.launch.knot.Knot.launch(Knot.java:74) ~[fabric-loader-0.15.3.jar:?]
	at net.fabricmc.loader.impl.launch.knot.KnotClient.main(KnotClient.java:23) ~[fabric-loader-0.15.3.jar:?]
	at net.fabricmc.devlaunchinjector.Main.main(Main.java:86) ~[dev-launch-injector-0.2.1+build.8.jar:?]
Caused by: com.mojang.authlib.exceptions.MinecraftClientHttpException: Status: 401
	at com.mojang.authlib.minecraft.client.MinecraftClient.readInputStream(MinecraftClient.java:100) ~[authlib-5.0.47.jar:?]
	at com.mojang.authlib.minecraft.client.MinecraftClient.get(MinecraftClient.java:57) ~[authlib-5.0.47.jar:?]
	at com.mojang.authlib.yggdrasil.YggdrasilUserApiService.fetchProperties(YggdrasilUserApiService.java:130) ~[authlib-5.0.47.jar:?]
	... 9 more
[16:23:09] [Render thread/INFO] (Minecraft) Setting user: Player943
[16:23:09] [Render thread/INFO] (fabric-networking-api-v1) Force Packet Serialization is enabled to mimic remote connection on single player, this is the default behaviour on dev env. Add -Dfabric-api.networking.force-packet-serialization=false JVM arg to disable it.
[16:23:09] [Render thread/INFO] (Apoli) Apoli 2.11.0 has initialized. Ready to power up your game!
[16:23:09] [Render thread/INFO] (Origins) Origins 1.12.0 is initializing. Have fun!
[16:23:10] [Render thread/INFO] (mechorigins) Registering Mod Items for mechorigins
[16:23:10] [Worker-Main-2/INFO] (Mod Menu/Update Checker) Checking mod updates...
[16:23:10] [Render thread/INFO] (Indigo) [Indigo] Registering Indigo renderer!
[16:23:10] [Render thread/INFO] (Minecraft) Backend library: LWJGL version 3.3.2-snapshot
[16:23:11] [Render thread/INFO] (Minecraft) Reloading ResourceManager: vanilla, fabric (fabric-sound-api-v1, fabric-convention-tags-v1, playerabilitylib, fabric-renderer-registries-v1, fabric-renderer-api-v1, apoli, pehkui, fabric-rendering-fluids-v1, fabric-registry-sync-v0, fabric-data-generation-api-v1, fabric-game-rule-api-v1, fabric-rendering-v0, origins, fabric-loot-api-v2, fabric-recipe-api-v1, fabric-block-view-api-v2, fabric-item-api-v1, fabricloader, fabric-keybindings-v0, fabric-block-api-v1, fabric-key-binding-api-v1, fabric-gametest-api-v1, fabric-transfer-api-v1, cardinal-components-entity, modmenu, fabric-dimensions-v1, reach-entity-attributes, fabric-lifecycle-events-v1, fabric-transitive-access-wideners-v1, fabric-renderer-indigo, kanos_config, fabric-content-registries-v0, fabric-particles-v1, fabric-networking-api-v1, fabric-api-lookup-api-v1, cardinal-components-base, fabric-entity-events-v1, fabric-events-interaction-v0, fabric-client-tags-api-v1, fabric-events-lifecycle-v0, fabric-screen-api-v1, fabric-command-api-v2, fabric-rendering-v1, fabric-resource-loader-v0, fabric-object-builder-api-v1, fabric-command-api-v1, fabric-model-loading-api-v1, fabric-models-v0, cloth-config, fabric-message-api-v1, fabric-crash-report-info-v1, fabric-containers-v0, fabric-commands-v0, fabric-api, fabric-resource-conditions-api-v1, fabric-mining-level-api-v1, fabric-api-base, fabric-biome-api-v1, mechorigins, fabric-rendering-data-attachment-v1, fabric-blockrenderlayer-v1, additionalentityattributes, calio, fabric-item-group-api-v1, fabric-screen-handler-api-v1)
[16:23:11] [Worker-Main-11/INFO] (Minecraft) Found unifont_all_no_pua-15.0.06.hex, loading
[16:23:11] [Worker-Main-3/WARN] (Minecraft) Texture mechorigins:item/armor_legs with size 17x16 limits mip level from 4 to 0
[16:23:11] [Worker-Main-3/WARN] (Minecraft) minecraft:textures/atlas/blocks.png: dropping miplevel from 4 to 0, because of minimum power of two: 1
[16:23:12] [Render thread/WARN] (Minecraft) Missing sound for event: minecraft:item.goat_horn.play
[16:23:12] [Render thread/WARN] (Minecraft) Missing sound for event: minecraft:entity.goat.screaming.horn_break
[16:23:12] [Render thread/INFO] (Minecraft) OpenAL initialized on device OpenAL Soft on Speakers (7- High Definition Audio Device)
[16:23:12] [Render thread/INFO] (Minecraft) Sound engine started
[16:23:12] [Render thread/INFO] (Minecraft) Created: 1024x512x0 minecraft:textures/atlas/blocks.png-atlas
[16:23:12] [Render thread/INFO] (Minecraft) Created: 256x256x4 minecraft:textures/atlas/signs.png-atlas
[16:23:12] [Render thread/INFO] (Minecraft) Created: 512x512x4 minecraft:textures/atlas/shield_patterns.png-atlas
[16:23:12] [Render thread/INFO] (Minecraft) Created: 512x512x4 minecraft:textures/atlas/banner_patterns.png-atlas
[16:23:12] [Render thread/INFO] (Minecraft) Created: 1024x1024x4 minecraft:textures/atlas/armor_trims.png-atlas
[16:23:12] [Render thread/INFO] (Minecraft) Created: 128x64x4 minecraft:textures/atlas/decorated_pot.png-atlas
[16:23:12] [Render thread/INFO] (Minecraft) Created: 256x256x4 minecraft:textures/atlas/chest.png-atlas
[16:23:12] [Render thread/INFO] (Minecraft) Created: 512x256x4 minecraft:textures/atlas/shulker_boxes.png-atlas
[16:23:12] [Render thread/INFO] (Minecraft) Created: 512x256x4 minecraft:textures/atlas/beds.png-atlas
[16:23:13] [Render thread/WARN] (Minecraft) Shader rendertype_entity_translucent_emissive could not find sampler named Sampler2 in the specified shader program.
[16:23:13] [Render thread/INFO] (Minecraft) Created: 256x256x0 minecraft:textures/atlas/particles.png-atlas
[16:23:13] [Render thread/INFO] (Minecraft) Created: 256x256x0 minecraft:textures/atlas/paintings.png-atlas
[16:23:13] [Render thread/INFO] (Minecraft) Created: 128x128x0 minecraft:textures/atlas/mob_effects.png-atlas
[16:23:13] [Render thread/INFO] (Minecraft) Created: 1024x1024x0 minecraft:textures/atlas/gui.png-atlas
[16:23:13] [IO-Worker-1/INFO] (Minecraft) Could not authorize you against Realms server: Invalid session id
[16:23:13] [IO-Worker-1/ERROR] (Minecraft) Couldn't connect to realms
net.minecraft.client.realms.exception.RealmsServiceException: Realms authentication error with message 'Invalid session id'
	at net.minecraft.client.realms.RealmsClient.execute(RealmsClient.java:397) ~[minecraft-merged-5bb6f0e8d0-1.20.2-net.fabricmc.yarn.1_20_2.1.20.2+build.4-v2.jar:?]
	at net.minecraft.client.realms.RealmsClient.clientCompatible(RealmsClient.java:191) ~[minecraft-merged-5bb6f0e8d0-1.20.2-net.fabricmc.yarn.1_20_2.1.20.2+build.4-v2.jar:?]
	at net.minecraft.client.realms.RealmsAvailability.method_52627(RealmsAvailability.java:44) ~[minecraft-merged-5bb6f0e8d0-1.20.2-net.fabricmc.yarn.1_20_2.1.20.2+build.4-v2.jar:?]
	at java.util.concurrent.CompletableFuture$AsyncSupply.run(CompletableFuture.java:1768) ~[?:?]
	at java.util.concurrent.ThreadPoolExecutor.runWorker(ThreadPoolExecutor.java:1136) ~[?:?]
	at java.util.concurrent.ThreadPoolExecutor$Worker.run(ThreadPoolExecutor.java:635) ~[?:?]
	at java.lang.Thread.run(Thread.java:840) ~[?:?]
[16:23:41] [Render thread/INFO] (Minecraft) Loaded 7 recipes
[16:23:41] [Render thread/INFO] (Minecraft) Loaded 1273 advancements
[16:23:41] [Render thread/ERROR] (Apoli) There was a problem reading sub-power "mechorigins:arm_attachments_airstrike_arms_equip" in power file "mechorigins:arm_attachments" (skipping): Error reading data field at condition.item_condition.ingredient.item: Type "minecraft:airstrike_arms" is not registered in registry "minecraft:item".
[16:23:41] [Render thread/ERROR] (Apoli) There was a problem reading sub-power "mechorigins:heavy_slow_speed" in power file "mechorigins:heavy" (skipping): Error reading data field at modifier.attribute: Type "minecraft:movement_speed" is not registered in registry "minecraft:attribute".
[16:23:41] [Render thread/INFO] (Apoli) Finished loading powers from data files. Registry contains 316 powers.
[16:23:41] [Render thread/INFO] (Origins) Finished loading origins from data files. Registry contains 12 origins.
[16:23:41] [Render thread/INFO] (Origins) Loading origin layer from data files...
[16:23:41] [Render thread/INFO] (Origins) Trying to read origin layer file "origins:origin" from data pack [origins]
[16:23:41] [Render thread/INFO] (Origins) Trying to read origin layer file "origins:origin" from data pack [mechorigins]
[16:23:41] [Render thread/INFO] (Origins) Finished loading origin layers. Merging similar origin layers...
[16:23:41] [Render thread/INFO] (Origins) Finished merging similar origin layers from data files. Read 1 origin layers.
[16:23:41] [Render thread/INFO] (Apoli) Finished loading global power sets. Merging similar global power sets...
[16:23:41] [Render thread/INFO] (Apoli) Finished merging similar global power sets from data files. Loaded 0 global power sets.
[16:23:42] [Render thread/INFO] (BiomeModificationImpl) Applied 0 biome modifications to 0 of 64 new biomes in 1.265 ms
[16:23:42] [Server thread/INFO] (Minecraft) Starting integrated minecraft server version 1.20.2
[16:23:42] [Server thread/INFO] (Minecraft) Generating keypair
[16:23:42] [Server thread/INFO] (Minecraft) Preparing start region for dimension minecraft:overworld
[16:23:44] [Render thread/INFO] (Minecraft) Preparing spawn area: 0%
[16:23:44] [Render thread/INFO] (Minecraft) Preparing spawn area: 0%
[16:23:44] [Render thread/INFO] (Minecraft) Preparing spawn area: 0%
[16:23:44] [Render thread/INFO] (Minecraft) Preparing spawn area: 0%
[16:23:44] [Render thread/INFO] (Minecraft) Preparing spawn area: 87%
[16:23:44] [Render thread/INFO] (Minecraft) Time elapsed: 2116 ms
[16:23:45] [Server thread/INFO] (Minecraft) Changing view distance to 12, from 10
[16:23:45] [Server thread/INFO] (Minecraft) Changing simulation distance to 12, from 0
[16:23:45] [Server thread/INFO] (Minecraft) Player943[local:E:acd092c8] logged in with entity id 120 at (3159.1845402699864, 69.0, 3727.982639993101)
[16:23:45] [Server thread/INFO] (Minecraft) Player943 joined the game
[16:23:46] [Render thread/INFO] (Minecraft) Loaded 2 advancements
[16:23:48] [Render thread/INFO] (Minecraft) Loaded 20 advancements
[16:23:51] [Server thread/INFO] (Minecraft) Saving and pausing game...
[16:23:51] [Server thread/INFO] (Minecraft) Saving chunks for level 'ServerLevel[New World]'/minecraft:overworld
[16:23:51] [Server thread/INFO] (Minecraft) Saving chunks for level 'ServerLevel[New World]'/minecraft:the_end
[16:23:51] [Server thread/INFO] (Minecraft) Saving chunks for level 'ServerLevel[New World]'/minecraft:the_nether
[16:25:22] [Server thread/INFO] (Minecraft) [Player943: Set own game mode to Survival Mode]
[16:25:22] [Render thread/INFO] (Minecraft) [System] [CHAT] Set own game mode to Survival Mode
[16:25:24] [Server thread/INFO] (Minecraft) [Player943: Set own game mode to Creative Mode]
[16:25:24] [Render thread/INFO] (Minecraft) [System] [CHAT] Set own game mode to Creative Mode
[16:25:38] [Server thread/INFO] (Minecraft) Saving and pausing game...
[16:25:38] [Server thread/INFO] (Minecraft) Saving chunks for level 'ServerLevel[New World]'/minecraft:overworld
[16:25:38] [Server thread/INFO] (Minecraft) Saving chunks for level 'ServerLevel[New World]'/minecraft:the_end
[16:25:38] [Server thread/INFO] (Minecraft) Saving chunks for level 'ServerLevel[New World]'/minecraft:the_nether
[16:25:39] [Server thread/INFO] (Origins) Player Player943 chose origin "mechorigins:mech" for layer "origins:origin"
[16:25:47] [Server thread/INFO] (Minecraft) [Player943: Set own game mode to Survival Mode]
[16:25:47] [Render thread/INFO] (Minecraft) [System] [CHAT] Set own game mode to Survival Mode
[16:25:55] [Server thread/INFO] (Minecraft) Saving and pausing game...
[16:25:55] [Server thread/INFO] (Minecraft) Saving chunks for level 'ServerLevel[New World]'/minecraft:overworld
[16:25:55] [Server thread/INFO] (Minecraft) Saving chunks for level 'ServerLevel[New World]'/minecraft:the_end
[16:25:55] [Server thread/INFO] (Minecraft) Saving chunks for level 'ServerLevel[New World]'/minecraft:the_nether
[16:26:06] [Server thread/INFO] (Minecraft) Saving and pausing game...
[16:26:07] [Server thread/INFO] (Minecraft) Saving chunks for level 'ServerLevel[New World]'/minecraft:overworld
[16:26:07] [Server thread/INFO] (Minecraft) Saving chunks for level 'ServerLevel[New World]'/minecraft:the_end
[16:26:07] [Server thread/INFO] (Minecraft) Saving chunks for level 'ServerLevel[New World]'/minecraft:the_nether
[16:26:54] [Server thread/INFO] (Minecraft) Player943 has made the advancement [Monster Hunter]
[16:26:54] [Render thread/INFO] (Minecraft) [System] [CHAT] Player943 has made the advancement [Monster Hunter]
[16:26:54] [Render thread/INFO] (Minecraft) Loaded 51 advancements
[16:27:11] [Render thread/INFO] (Minecraft) Loaded 51 advancements
[16:27:13] [Server thread/INFO] (Minecraft) Player943 was slain by Husk
[16:27:13] [Render thread/INFO] (Minecraft) [System] [CHAT] Player943 was slain by Husk
[16:27:15] [Render thread/INFO] (Minecraft) Loaded 51 advancements
[16:27:21] [Server thread/INFO] (Minecraft) Saving and pausing game...
[16:27:21] [Server thread/INFO] (Minecraft) Saving chunks for level 'ServerLevel[New World]'/minecraft:overworld
[16:27:21] [Server thread/INFO] (Minecraft) Saving chunks for level 'ServerLevel[New World]'/minecraft:the_end
[16:27:21] [Server thread/INFO] (Minecraft) Saving chunks for level 'ServerLevel[New World]'/minecraft:the_nether
[16:27:27] [Server thread/INFO] (Minecraft) Saving and pausing game...
[16:27:27] [Server thread/INFO] (Minecraft) Saving chunks for level 'ServerLevel[New World]'/minecraft:overworld
[16:27:27] [Server thread/INFO] (Minecraft) Saving chunks for level 'ServerLevel[New World]'/minecraft:the_end
[16:27:27] [Server thread/INFO] (Minecraft) Saving chunks for level 'ServerLevel[New World]'/minecraft:the_nether
[16:27:39] [Render thread/INFO] (Minecraft) Loaded 52 advancements
[16:27:53] [Render thread/INFO] (Minecraft) Loaded 53 advancements
[16:27:53] [Render thread/INFO] (Minecraft) Loaded 60 advancements
[16:28:04] [Render thread/INFO] (Minecraft) [System] [CHAT] Expected '}'
[16:28:04] [Render thread/INFO] (Minecraft) [System] [CHAT] ...ve @a bow{<--[HERE]
[16:28:06] [Server thread/INFO] (Minecraft) [Player943: Gave 1 [Bow] to Player943]
[16:28:06] [Render thread/INFO] (Minecraft) [System] [CHAT] Gave 1 [Bow] to Player943
[16:28:06] [Render thread/INFO] (Minecraft) Loaded 61 advancements
[16:28:10] [Server thread/INFO] (Minecraft) [Player943: Set own game mode to Creative Mode]
[16:28:10] [Render thread/INFO] (Minecraft) [System] [CHAT] Set own game mode to Creative Mode
[16:28:16] [Server thread/INFO] (Minecraft) [Player943: Set own game mode to Survival Mode]
[16:28:16] [Render thread/INFO] (Minecraft) [System] [CHAT] Set own game mode to Survival Mode
[16:28:22] [Server thread/INFO] (Minecraft) Player943 has made the advancement [Take Aim]
[16:28:22] [Render thread/INFO] (Minecraft) [System] [CHAT] Player943 has made the advancement [Take Aim]
[16:28:22] [Render thread/INFO] (Minecraft) Loaded 61 advancements
[16:28:47] [Render thread/INFO] (Minecraft) Loaded 61 advancements
[16:28:51] [Server thread/INFO] (Minecraft) Player943 was slain by Zombie
[16:28:51] [Render thread/INFO] (Minecraft) [System] [CHAT] Player943 was slain by Zombie
[16:29:07] [Render thread/INFO] (Minecraft) Loaded 61 advancements
[16:29:17] [Render thread/INFO] (Minecraft) Loaded 64 advancements
[16:29:17] [Render thread/INFO] (Minecraft) Loaded 65 advancements
[16:29:44] [Server thread/INFO] (Minecraft) Player943 was blown up by Creeper
[16:29:44] [Render thread/INFO] (Minecraft) [System] [CHAT] Player943 was blown up by Creeper
[16:29:47] [Server thread/INFO] (Minecraft) Saving and pausing game...
[16:29:47] [Server thread/INFO] (Minecraft) Saving chunks for level 'ServerLevel[New World]'/minecraft:overworld
[16:29:47] [Server thread/INFO] (Minecraft) Saving chunks for level 'ServerLevel[New World]'/minecraft:the_end
[16:29:47] [Server thread/INFO] (Minecraft) Saving chunks for level 'ServerLevel[New World]'/minecraft:the_nether
[16:29:49] [Server thread/INFO] (Minecraft) Player943 lost connection: Disconnected
[16:29:49] [Server thread/INFO] (Minecraft) Player943 left the game
[16:29:49] [Server thread/INFO] (Minecraft) Stopping singleplayer server as player logged out
[16:29:49] [Server thread/INFO] (Minecraft) Stopping server
[16:29:49] [Server thread/INFO] (Minecraft) Saving players
[16:29:49] [Server thread/INFO] (Minecraft) Saving worlds
[16:29:49] [Server thread/INFO] (Minecraft) Saving chunks for level 'ServerLevel[New World]'/minecraft:overworld
[16:29:52] [Server thread/INFO] (Minecraft) Saving chunks for level 'ServerLevel[New World]'/minecraft:the_end
[16:29:52] [Server thread/INFO] (Minecraft) Saving chunks for level 'ServerLevel[New World]'/minecraft:the_nether
[16:29:52] [Server thread/INFO] (Minecraft) ThreadedAnvilChunkStorage (New World): All chunks are saved
[16:29:52] [Server thread/INFO] (Minecraft) ThreadedAnvilChunkStorage (DIM1): All chunks are saved
[16:29:52] [Server thread/INFO] (Minecraft) ThreadedAnvilChunkStorage (DIM-1): All chunks are saved
[16:29:52] [Server thread/INFO] (Minecraft) ThreadedAnvilChunkStorage: All dimensions are saved
[16:29:53] [Render thread/INFO] (Minecraft) Stopping!
